0 silly argv {
0 silly argv   _: [ 'version' ],
0 silly argv   yes: true,
0 silly argv   y: true,
0 silly argv   push: false,
0 silly argv   'git-tag-version': false,
0 silly argv   gitTagVersion: false,
0 silly argv   'force-publish': true,
0 silly argv   forcePublish: true,
0 silly argv   lernaVersion: '7.0.1',
0 silly argv   '$0': '/Users/fsuero/.npm/_npx/d5cad42883f80c04/node_modules/.bin/lerna',
0 silly argv   bump: '0.3.6'
0 silly argv }
1 notice cli v7.0.1
2 verbose packageConfigs Explicit "packages" configuration found in lerna.json. Resolving packages using the configured glob(s): ["expressions","workflow-parser","languageservice","languageserver"]
3 verbose rootPath /Users/fsuero/github/languageservices
4 info current version 0.3.5
5 notice FYI git repository validation has been skipped, please ensure your version bumps are correct
6 silly hasTags
7 verbose hasTags true
8 silly git-describe.sync "cd7fabe-dirty" => {"refCount":"1067","sha":"cd7fabe","isDirty":true}
9 warn force-publish all packages
10 info Assuming all packages changed
11 verbose updated @actions/expressions
12 verbose updated @actions/languageserver
13 verbose updated @actions/languageservice
14 verbose updated @actions/workflow-parser
15 warn version Skipping working tree validation, proceed at your own risk
16 info auto-confirmed
17 info execute Skipping git tag/commit
18 info execute Skipping git push
19 info execute Skipping releases
20 silly lifecycle No script for "preversion" in "actions-languageservices", continuing
21 silly lifecycle No script for "preversion" in "@actions/expressions", continuing
22 verbose version @actions/expressions has no lockfile. Skipping lockfile update.
23 silly lifecycle No script for "version" in "@actions/expressions", continuing
24 silly lifecycle No script for "preversion" in "@actions/workflow-parser", continuing
25 verbose version @actions/workflow-parser has no lockfile. Skipping lockfile update.
26 silly lifecycle No script for "version" in "@actions/workflow-parser", continuing
27 silly lifecycle No script for "preversion" in "@actions/languageservice", continuing
28 verbose version @actions/languageservice has no lockfile. Skipping lockfile update.
29 silly lifecycle No script for "version" in "@actions/languageservice", continuing
30 silly lifecycle No script for "preversion" in "@actions/languageserver", continuing
31 verbose version @actions/languageserver has no lockfile. Skipping lockfile update.
32 silly lifecycle No script for "version" in "@actions/languageserver", continuing
33 verbose version Updating root package-lock.json
34 error Error: Command failed with exit code 1: npm install --package-lock-only --ignore-scripts
34 error npm ERR! code ETARGET
34 error npm ERR! notarget No matching version found for @actions/languageservice@^0.3.6.
34 error npm ERR! notarget In most cases you or one of your dependencies are requesting
34 error npm ERR! notarget a package version that doesn't exist.
34 error
34 error npm ERR! A complete log of this run can be found in:
34 error npm ERR!     /Users/fsuero/.npm/_logs/2023-06-14T16_41_34_046Z-debug.log
34 error     at makeError (/Users/fsuero/.npm/_npx/d5cad42883f80c04/node_modules/execa/lib/error.js:59:11)
34 error     at handlePromise (/Users/fsuero/.npm/_npx/d5cad42883f80c04/node_modules/execa/index.js:114:26)
34 error     at processTicksAndRejections (node:internal/process/task_queues:96:5)
